2018-12-10 22:02:02.366  INFO 10524 --- [main] org.redex.backend.BackendApplication     : Starting BackendApplication on DESKTOP-8S1R78U with PID 10524 (C:\Users\Johann\Documents\redex-backend\target\classes started by Johann in C:\Users\Johann\Documents\redex-backend)
2018-12-10 22:02:02.366  INFO 10524 --- [main] org.redex.backend.BackendApplication     : The following profiles are active: devel
2018-12-10 22:02:02.413  INFO 10524 --- [main] ConfigServletWebServerApplicationContext : Refreshing org.springframework.boot.web.servlet.context.AnnotationConfigServletWebServerApplicationContext@206a70ef: startup date [Mon Dec 10 22:02:02 COT 2018]; root of context hierarchy
2018-12-10 22:02:03.559  INFO 10524 --- [main] trationDelegate$BeanPostProcessorChecker : Bean 'org.springframework.transaction.annotation.ProxyTransactionManagementConfiguration' of type [org.springframework.transaction.annotation.ProxyTransactionManagementConfiguration$$EnhancerBySpringCGLIB$$d9b57744] is not eligible for getting processed by all BeanPostProcessors (for example: not eligible for auto-proxying)
2018-12-10 22:02:03.590  INFO 10524 --- [main] trationDelegate$BeanPostProcessorChecker : Bean 'org.springframework.security.config.annotation.configuration.ObjectPostProcessorConfiguration' of type [org.springframework.security.config.annotation.configuration.ObjectPostProcessorConfiguration$$EnhancerBySpringCGLIB$$72633f7e] is not eligible for getting processed by all BeanPostProcessors (for example: not eligible for auto-proxying)
2018-12-10 22:02:03.606  INFO 10524 --- [main] trationDelegate$BeanPostProcessorChecker : Bean 'objectPostProcessor' of type [org.springframework.security.config.annotation.configuration.AutowireBeanFactoryObjectPostProcessor] is not eligible for getting processed by all BeanPostProcessors (for example: not eligible for auto-proxying)
2018-12-10 22:02:03.606  INFO 10524 --- [main] trationDelegate$BeanPostProcessorChecker : Bean 'org.springframework.security.access.expression.method.DefaultMethodSecurityExpressionHandler@66e889df' of type [org.springframework.security.access.expression.method.DefaultMethodSecurityExpressionHandler] is not eligible for getting processed by all BeanPostProcessors (for example: not eligible for auto-proxying)
2018-12-10 22:02:03.606  INFO 10524 --- [main] trationDelegate$BeanPostProcessorChecker : Bean 'org.springframework.security.config.annotation.method.configuration.Jsr250MetadataSourceConfiguration' of type [org.springframework.security.config.annotation.method.configuration.Jsr250MetadataSourceConfiguration$$EnhancerBySpringCGLIB$$bc8cfa46] is not eligible for getting processed by all BeanPostProcessors (for example: not eligible for auto-proxying)
2018-12-10 22:02:03.621  INFO 10524 --- [main] trationDelegate$BeanPostProcessorChecker : Bean 'jsr250MethodSecurityMetadataSource' of type [org.springframework.security.access.annotation.Jsr250MethodSecurityMetadataSource] is not eligible for getting processed by all BeanPostProcessors (for example: not eligible for auto-proxying)
2018-12-10 22:02:03.621  INFO 10524 --- [main] trationDelegate$BeanPostProcessorChecker : Bean 'org.springframework.security.config.annotation.method.configuration.GlobalMethodSecurityConfiguration' of type [org.springframework.security.config.annotation.method.configuration.GlobalMethodSecurityConfiguration$$EnhancerBySpringCGLIB$$9737e230] is not eligible for getting processed by all BeanPostProcessors (for example: not eligible for auto-proxying)
2018-12-10 22:02:03.621  INFO 10524 --- [main] trationDelegate$BeanPostProcessorChecker : Bean 'methodSecurityMetadataSource' of type [org.springframework.security.access.method.DelegatingMethodSecurityMetadataSource] is not eligible for getting processed by all BeanPostProcessors (for example: not eligible for auto-proxying)
2018-12-10 22:02:03.934  INFO 10524 --- [main] o.s.b.w.embedded.tomcat.TomcatWebServer  : Tomcat initialized with port(s): 5000 (http)
2018-12-10 22:02:03.949  INFO 10524 --- [main] o.apache.catalina.core.StandardService   : Starting service [Tomcat]
2018-12-10 22:02:03.949  INFO 10524 --- [main] org.apache.catalina.core.StandardEngine  : Starting Servlet Engine: Apache Tomcat/8.5.34
2018-12-10 22:02:03.965  INFO 10524 --- [localhost-startStop-1] o.a.catalina.core.AprLifecycleListener   : The APR based Apache Tomcat Native library which allows optimal performance in production environments was not found on the java.library.path: [C:\Program Files\Java\jdk1.8.0_181\bin;C:\Windows\Sun\Java\bin;C:\Windows\system32;C:\Windows;C:\tools\ruby25\bin;C:\Program Files (x86)\Common Files\Oracle\Java\javapath;C:\Windows\system32;C:\Windows;C:\Windows\System32\Wbem;C:\Windows\System32\WindowsPowerShell\v1.0\;C:\Windows\System32\OpenSSH\;C:\Program Files\Git\cmd;C:\Program Files\nodejs\;C:\OSGeo4W64\bin;C:\Program Files\MySQL\MySQL Server 5.7\bin;C:\Program Files\Redis\;C:\ProgramData\chocolatey\bin;C:\Program Files (x86)\Brackets\command;C:\Users\Johann\AppData\Local\Programs\Python\Python37-32\Scripts\;C:\Users\Johann\AppData\Local\Programs\Python\Python37-32\;C:\Users\Johann\AppData\Local\Microsoft\WindowsApps;C:\Users\Johann\AppData\Roaming\npm;C:\Users\Johann\AppData\Local\atom\bin;;C:\Users\Johann\AppData\Local\Programs\Microsoft VS Code\bin;C:\Program Files (x86)\Sennheiser\HeadSetup Pro\Plugins;C:\Program Files (x86)\Sennheiser\HeadSetup Pro\Open Source;C:\Program Files (x86)\Sennheiser\HeadSetup Pro\External;.]
2018-12-10 22:02:04.085  INFO 10524 --- [localhost-startStop-1] o.a.c.c.C.[Tomcat].[localhost].[/]       : Initializing Spring embedded WebApplicationContext
2018-12-10 22:02:04.085  INFO 10524 --- [localhost-startStop-1] o.s.web.context.ContextLoader            : Root WebApplicationContext: initialization completed in 1672 ms
2018-12-10 22:02:04.403  INFO 10524 --- [localhost-startStop-1] com.zaxxer.hikari.HikariDataSource       : HikariPool-1 - Starting...
2018-12-10 22:02:04.599  INFO 10524 --- [localhost-startStop-1] com.zaxxer.hikari.HikariDataSource       : HikariPool-1 - Start completed.
2018-12-10 22:02:04.677  INFO 10524 --- [localhost-startStop-1] j.LocalContainerEntityManagerFactoryBean : Building JPA container EntityManagerFactory for persistence unit 'default'
2018-12-10 22:02:04.677  INFO 10524 --- [localhost-startStop-1] o.hibernate.jpa.internal.util.LogHelper  : HHH000204: Processing PersistenceUnitInfo [
	name: default
	...]
2018-12-10 22:02:04.740  INFO 10524 --- [localhost-startStop-1] org.hibernate.Version                    : HHH000412: Hibernate Core {5.2.17.Final}
2018-12-10 22:02:04.740  INFO 10524 --- [localhost-startStop-1] org.hibernate.cfg.Environment            : HHH000206: hibernate.properties not found
2018-12-10 22:02:04.787  INFO 10524 --- [localhost-startStop-1] o.hibernate.annotations.common.Version   : HCANN000001: Hibernate Commons Annotations {5.0.1.Final}
2018-12-10 22:02:04.880  INFO 10524 --- [localhost-startStop-1] org.hibernate.dialect.Dialect            : HHH000400: Using dialect: org.hibernate.dialect.MySQL5InnoDBDialect
2018-12-10 22:02:05.532  INFO 10524 --- [localhost-startStop-1] j.LocalContainerEntityManagerFactoryBean : Initialized JPA EntityManagerFactory for persistence unit 'default'
2018-12-10 22:02:05.782  INFO 10524 --- [localhost-startStop-1] o.h.h.i.QueryTranslatorFactoryInitiator  : HHH000397: Using ASTQueryTranslatorFactory
2018-12-10 22:02:05.954  INFO 10524 --- [localhost-startStop-1] o.s.b.w.servlet.FilterRegistrationBean   : Mapping filter: 'characterEncodingFilter' to: [/*]
2018-12-10 22:02:05.954  INFO 10524 --- [localhost-startStop-1] o.s.b.w.servlet.FilterRegistrationBean   : Mapping filter: 'hiddenHttpMethodFilter' to: [/*]
2018-12-10 22:02:05.954  INFO 10524 --- [localhost-startStop-1] o.s.b.w.servlet.FilterRegistrationBean   : Mapping filter: 'httpPutFormContentFilter' to: [/*]
2018-12-10 22:02:05.954  INFO 10524 --- [localhost-startStop-1] o.s.b.w.servlet.FilterRegistrationBean   : Mapping filter: 'requestContextFilter' to: [/*]
2018-12-10 22:02:05.954  INFO 10524 --- [localhost-startStop-1] .s.DelegatingFilterProxyRegistrationBean : Mapping filter: 'springSecurityFilterChain' to: [/*]
2018-12-10 22:02:05.954  INFO 10524 --- [localhost-startStop-1] o.s.b.w.servlet.FilterRegistrationBean   : Mapping filter: 'jwtAuthenticationFilter' to: [/*]
2018-12-10 22:02:05.970  INFO 10524 --- [localhost-startStop-1] o.s.b.w.servlet.ServletRegistrationBean  : Servlet dispatcherServlet mapped to [/]
2018-12-10 22:02:06.812  INFO 10524 --- [main] o.s.w.s.handler.SimpleUrlHandlerMapping  : Mapped URL path [/**/favicon.ico] onto handler of type [class org.springframework.web.servlet.resource.ResourceHttpRequestHandler]
2018-12-10 22:02:06.828  WARN 10524 --- [main] aWebConfiguration$JpaWebMvcConfiguration : spring.jpa.open-in-view is enabled by default. Therefore, database queries may be performed during view rendering. Explicitly configure spring.jpa.open-in-view to disable this warning
2018-12-10 22:02:06.937  INFO 10524 --- [main] s.w.s.m.m.a.RequestMappingHandlerMapping : Mapped "{[/archivos/download/{fileId}],methods=[GET]}" onto public org.springframework.http.ResponseEntity<org.springframework.core.io.Resource> org.redex.backend.controller.archivos.ArchivosController.download(java.lang.Long,javax.servlet.http.HttpServletRequest)
2018-12-10 22:02:06.937  INFO 10524 --- [main] s.w.s.m.m.a.RequestMappingHandlerMapping : Mapped "{[/archivos/upload],methods=[POST]}" onto public org.redex.backend.controller.archivos.UploadFileResponse org.redex.backend.controller.archivos.ArchivosController.upload(org.springframework.web.multipart.MultipartFile)
2018-12-10 22:02:06.937  INFO 10524 --- [main] s.w.s.m.m.a.RequestMappingHandlerMapping : Mapped "{[/continentes],methods=[GET]}" onto public org.springframework.http.ResponseEntity<?> org.redex.backend.controller.continentes.ContinentesController.all()
2018-12-10 22:02:06.937  INFO 10524 --- [main] s.w.s.m.m.a.RequestMappingHandlerMapping : Mapped "{[/dashboard/paquetesXvuelosXfecha],methods=[GET]}" onto public org.springframework.http.ResponseEntity<?> org.redex.backend.controller.graficos.GraficosController.paquetesXvuelosXfecha(java.time.LocalDate,java.time.LocalDate)
2018-12-10 22:02:06.937  INFO 10524 --- [main] s.w.s.m.m.a.RequestMappingHandlerMapping : Mapped "{[/dashboard/paquetesXoficinasXfecha_barra],methods=[POST]}" onto public org.springframework.http.ResponseEntity<?> org.redex.backend.controller.graficos.GraficosController.paquetesXoficinasXfecha_barra(org.redex.backend.controller.reportes.RangoFechas)
2018-12-10 22:02:06.937  INFO 10524 --- [main] s.w.s.m.m.a.RequestMappingHandlerMapping : Mapped "{[/dashboard/paquetesXoficinaXfecha_linea],methods=[POST]}" onto public org.springframework.http.ResponseEntity<?> org.redex.backend.controller.graficos.GraficosController.paquetesXoficinaXfecha_linea(com.fasterxml.jackson.databind.node.ObjectNode)
2018-12-10 22:02:06.937  INFO 10524 --- [main] s.w.s.m.m.a.RequestMappingHandlerMapping : Mapped "{[/],methods=[GET]}" onto public java.lang.String org.redex.backend.controller.Index.index()
2018-12-10 22:02:06.937  INFO 10524 --- [main] s.w.s.m.m.a.RequestMappingHandlerMapping : Mapped "{[/oficinas/{id}],methods=[GET]}" onto public org.springframework.http.ResponseEntity<?> org.redex.backend.controller.oficinas.OficinasController.find(java.lang.Long)
2018-12-10 22:02:06.937  INFO 10524 --- [main] s.w.s.m.m.a.RequestMappingHandlerMapping : Mapped "{[/oficinas/save],methods=[POST]}" onto public void org.redex.backend.controller.oficinas.OficinasController.save(org.redex.backend.model.rrhh.Oficina)
2018-12-10 22:02:06.937  INFO 10524 --- [main] s.w.s.m.m.a.RequestMappingHandlerMapping : Mapped "{[/oficinas/search],methods=[GET]}" onto public com.fasterxml.jackson.databind.node.ArrayNode org.redex.backend.controller.oficinas.OficinasController.search(java.lang.String)
2018-12-10 22:02:06.937  INFO 10524 --- [main] s.w.s.m.m.a.RequestMappingHandlerMapping : Mapped "{[/oficinas/{id}/desactivar],methods=[POST]}" onto public void org.redex.backend.controller.oficinas.OficinasController.desactivar(java.lang.Long)
2018-12-10 22:02:06.953  INFO 10524 --- [main] s.w.s.m.m.a.RequestMappingHandlerMapping : Mapped "{[/oficinas/eduardo],methods=[GET]}" onto public com.fasterxml.jackson.databind.node.ArrayNode org.redex.backend.controller.oficinas.OficinasController.eduardo()
2018-12-10 22:02:06.953  INFO 10524 --- [main] s.w.s.m.m.a.RequestMappingHandlerMapping : Mapped "{[/oficinas/{id}/activar],methods=[POST]}" onto public void org.redex.backend.controller.oficinas.OficinasController.acrivar(java.lang.Long)
2018-12-10 22:02:06.953  INFO 10524 --- [main] s.w.s.m.m.a.RequestMappingHandlerMapping : Mapped "{[/oficinas/carga],methods=[POST]}" onto public org.redex.backend.zelper.response.CargaDatosResponse org.redex.backend.controller.oficinas.OficinasController.carga(org.springframework.web.multipart.MultipartFile)
2018-12-10 22:02:06.953  INFO 10524 --- [main] s.w.s.m.m.a.RequestMappingHandlerMapping : Mapped "{[/oficinas],methods=[GET]}" onto public org.redex.backend.zelper.crimsontable.CrimsonTableResponse org.redex.backend.controller.oficinas.OficinasController.crimsonList(org.redex.backend.zelper.crimsontable.CrimsonTableRequest)
2018-12-10 22:02:06.953  INFO 10524 --- [main] s.w.s.m.m.a.RequestMappingHandlerMapping : Mapped "{[/paises/{id}],methods=[GET]}" onto public org.springframework.http.ResponseEntity<?> org.redex.backend.controller.paises.PaisesController.find(java.lang.Long)
2018-12-10 22:02:06.953  INFO 10524 --- [main] s.w.s.m.m.a.RequestMappingHandlerMapping : Mapped "{[/paises/save],methods=[POST]}" onto public org.springframework.http.ResponseEntity<?> org.redex.backend.controller.paises.PaisesController.save(org.redex.backend.model.general.Pais)
2018-12-10 22:02:06.953  INFO 10524 --- [main] s.w.s.m.m.a.RequestMappingHandlerMapping : Mapped "{[/paises/search],methods=[GET]}" onto public com.fasterxml.jackson.databind.node.ArrayNode org.redex.backend.controller.paises.PaisesController.search(java.lang.String)
2018-12-10 22:02:06.953  INFO 10524 --- [main] s.w.s.m.m.a.RequestMappingHandlerMapping : Mapped "{[/paises],methods=[GET]}" onto public org.redex.backend.zelper.crimsontable.CrimsonTableResponse org.redex.backend.controller.paises.PaisesController.crimsonList(org.redex.backend.zelper.crimsontable.CrimsonTableRequest)
2018-12-10 22:02:06.953  INFO 10524 --- [main] s.w.s.m.m.a.RequestMappingHandlerMapping : Mapped "{[/paquetes/{id}],methods=[GET]}" onto public com.fasterxml.jackson.databind.node.ObjectNode org.redex.backend.controller.paquetes.PaquetesController.find(java.lang.Long)
2018-12-10 22:02:06.953  INFO 10524 --- [main] s.w.s.m.m.a.RequestMappingHandlerMapping : Mapped "{[/paquetes],methods=[GET]}" onto public org.springframework.http.ResponseEntity<?> org.redex.backend.controller.paquetes.PaquetesController.list(org.redex.backend.zelper.crimsontable.CrimsonTableRequest,org.redex.backend.security.DataSession)
2018-12-10 22:02:06.953  INFO 10524 --- [main] s.w.s.m.m.a.RequestMappingHandlerMapping : Mapped "{[/paquetes/save],methods=[POST]}" onto public org.springframework.http.ResponseEntity<?> org.redex.backend.controller.paquetes.PaquetesController.save(org.redex.backend.model.envios.Paquete,org.redex.backend.security.DataSession)
2018-12-10 22:02:06.969  INFO 10524 --- [main] s.w.s.m.m.a.RequestMappingHandlerMapping : Mapped "{[/paquetes/tracking],methods=[GET]}" onto public org.springframework.http.ResponseEntity<?> org.redex.backend.controller.paquetes.PaquetesController.rastrear(java.lang.String)
2018-12-10 22:02:06.969  INFO 10524 --- [main] s.w.s.m.m.a.RequestMappingHandlerMapping : Mapped "{[/paquetes/carga],methods=[POST]}" onto public org.redex.backend.zelper.response.CargaDatosResponse org.redex.backend.controller.paquetes.PaquetesController.carga(org.springframework.web.multipart.MultipartFile)
2018-12-10 22:02:06.969  INFO 10524 --- [main] s.w.s.m.m.a.RequestMappingHandlerMapping : Mapped "{[/personas/find],methods=[POST]}" onto public org.springframework.http.ResponseEntity<?> org.redex.backend.controller.personas.PersonasController.find(org.redex.backend.controller.personas.FindPersonaRequest)
2018-12-10 22:02:06.969  INFO 10524 --- [main] s.w.s.m.m.a.RequestMappingHandlerMapping : Mapped "{[/personas/{id}],methods=[GET]}" onto public com.fasterxml.jackson.databind.node.ObjectNode org.redex.backend.controller.personas.PersonasController.find(java.lang.Long)
2018-12-10 22:02:06.969  INFO 10524 --- [main] s.w.s.m.m.a.RequestMappingHandlerMapping : Mapped "{[/personas/save],methods=[POST]}" onto public org.springframework.http.ResponseEntity<?> org.redex.backend.controller.personas.PersonasController.save(org.redex.backend.controller.personas.PersonaRegistro)
2018-12-10 22:02:06.969  INFO 10524 --- [main] s.w.s.m.m.a.RequestMappingHandlerMapping : Mapped "{[/personas/editar],methods=[POST]}" onto public org.springframework.http.ResponseEntity<?> org.redex.backend.controller.personas.PersonasController.editar(org.redex.backend.model.general.Persona)
2018-12-10 22:02:06.969  INFO 10524 --- [main] s.w.s.m.m.a.RequestMappingHandlerMapping : Mapped "{[/personas/carga],methods=[POST]}" onto public org.redex.backend.zelper.response.CargaDatosResponse org.redex.backend.controller.personas.PersonasController.carga(org.springframework.web.multipart.MultipartFile)
2018-12-10 22:02:06.969  INFO 10524 --- [main] s.w.s.m.m.a.RequestMappingHandlerMapping : Mapped "{[/personas],methods=[GET]}" onto public org.redex.backend.zelper.crimsontable.CrimsonTableResponse org.redex.backend.controller.personas.PersonasController.crimsonList(org.redex.backend.zelper.crimsontable.CrimsonTableRequest)
2018-12-10 22:02:06.969  INFO 10524 --- [main] s.w.s.m.m.a.RequestMappingHandlerMapping : Mapped "{[/planvuelo/all],methods=[GET]}" onto public com.fasterxml.jackson.databind.node.ObjectNode org.redex.backend.controller.planvuelo.PlanVueloController.all()
2018-12-10 22:02:06.969  INFO 10524 --- [main] s.w.s.m.m.a.RequestMappingHandlerMapping : Mapped "{[/planvuelo/vuelos/{id}/activar],methods=[POST]}" onto public void org.redex.backend.controller.planvuelo.PlanVueloController.activarVuelo(java.lang.Long)
2018-12-10 22:02:06.969  INFO 10524 --- [main] s.w.s.m.m.a.RequestMappingHandlerMapping : Mapped "{[/planvuelo/vuelos/{id}/desactivar],methods=[POST]}" onto public void org.redex.backend.controller.planvuelo.PlanVueloController.desactivarVuelo(java.lang.Long)
2018-12-10 22:02:06.984  INFO 10524 --- [main] s.w.s.m.m.a.RequestMappingHandlerMapping : Mapped "{[/planvuelo/carga],methods=[POST]}" onto public org.redex.backend.zelper.response.CargaDatosResponse org.redex.backend.controller.planvuelo.PlanVueloController.carga(org.springframework.web.multipart.MultipartFile)
2018-12-10 22:02:06.984  INFO 10524 --- [main] s.w.s.m.m.a.RequestMappingHandlerMapping : Mapped "{[/planvuelo],methods=[GET]}" onto public org.redex.backend.zelper.crimsontable.CrimsonTableResponse org.redex.backend.controller.planvuelo.PlanVueloController.crimsonList(org.redex.backend.zelper.crimsontable.CrimsonTableRequest)
2018-12-10 22:02:06.984  INFO 10524 --- [main] s.w.s.m.m.a.RequestMappingHandlerMapping : Mapped "{[/reportes/paquetesXusuario],methods=[GET]}" onto public org.springframework.http.ResponseEntity<org.springframework.core.io.Resource> org.redex.backend.controller.reportes.ReportesController.paquetesXusuario(java.lang.Long,org.redex.backend.security.DataSession)
2018-12-10 22:02:06.984  INFO 10524 --- [main] s.w.s.m.m.a.RequestMappingHandlerMapping : Mapped "{[/reportes/paquetesXvuelo],methods=[GET]}" onto public org.springframework.http.ResponseEntity<org.springframework.core.io.Resource> org.redex.backend.controller.reportes.ReportesController.paquetesXvuelo(java.lang.Long,org.redex.backend.security.DataSession)
2018-12-10 22:02:06.984  INFO 10524 --- [main] s.w.s.m.m.a.RequestMappingHandlerMapping : Mapped "{[/reportes/enviosXfechas],methods=[GET]}" onto public org.springframework.http.ResponseEntity<org.springframework.core.io.Resource> org.redex.backend.controller.reportes.ReportesController.enviosXfechas(java.time.LocalDate,java.time.LocalDate,org.redex.backend.security.DataSession)
2018-12-10 22:02:06.984  INFO 10524 --- [main] s.w.s.m.m.a.RequestMappingHandlerMapping : Mapped "{[/reportes/enviosXoficina],methods=[GET]}" onto public org.springframework.http.ResponseEntity<org.springframework.core.io.Resource> org.redex.backend.controller.reportes.ReportesController.enviosXoficina(java.time.LocalDate,java.time.LocalDate,org.redex.backend.security.DataSession)
2018-12-10 22:02:06.984  INFO 10524 --- [main] s.w.s.m.m.a.RequestMappingHandlerMapping : Mapped "{[/reportes/auditoria],methods=[GET]}" onto public org.springframework.http.ResponseEntity<org.springframework.core.io.Resource> org.redex.backend.controller.reportes.ReportesController.auditoria(java.time.LocalDate,java.time.LocalDate,java.lang.Long,org.redex.backend.security.DataSession)
2018-12-10 22:02:06.984  INFO 10524 --- [main] s.w.s.m.m.a.RequestMappingHandlerMapping : Mapped "{[/reportes/enviosFinalizados],methods=[GET]}" onto public org.springframework.http.ResponseEntity<org.springframework.core.io.Resource> org.redex.backend.controller.reportes.ReportesController.enviosFinalizados(java.time.LocalDate,java.time.LocalDate,org.redex.backend.security.DataSession)
2018-12-10 22:02:06.984  INFO 10524 --- [main] s.w.s.m.m.a.RequestMappingHandlerMapping : Mapped "{[/roles/all],methods=[GET]}" onto public com.fasterxml.jackson.databind.node.ArrayNode org.redex.backend.controller.roles.RolesController.all()
2018-12-10 22:02:06.984  INFO 10524 --- [main] s.w.s.m.m.a.RequestMappingHandlerMapping : Mapped "{[/roles],methods=[GET]}" onto public org.redex.backend.zelper.crimsontable.CrimsonTableResponse org.redex.backend.controller.roles.RolesController.crimsonList(org.redex.backend.zelper.crimsontable.CrimsonTableRequest)
2018-12-10 22:02:07.000  INFO 10524 --- [main] s.w.s.m.m.a.RequestMappingHandlerMapping : Mapped "{[/simulacion/vuelos],methods=[GET]}" onto public com.fasterxml.jackson.databind.node.ArrayNode org.redex.backend.controller.simulacion.SimulacionController.vuelos()
2018-12-10 22:02:07.000  INFO 10524 --- [main] s.w.s.m.m.a.RequestMappingHandlerMapping : Mapped "{[/simulacion/crear],methods=[GET]}" onto public org.springframework.http.ResponseEntity<?> org.redex.backend.controller.simulacion.SimulacionController.crear()
2018-12-10 22:02:07.000  INFO 10524 --- [main] s.w.s.m.m.a.RequestMappingHandlerMapping : Mapped "{[/simulacion/oficinas/carga],methods=[POST]}" onto public org.redex.backend.zelper.response.CargaDatosResponse org.redex.backend.controller.simulacion.SimulacionController.cargaOficinas(org.springframework.web.multipart.MultipartFile)
2018-12-10 22:02:07.000  INFO 10524 --- [main] s.w.s.m.m.a.RequestMappingHandlerMapping : Mapped "{[/simulacion/vuelosResumidos],methods=[GET]}" onto public com.fasterxml.jackson.databind.node.ArrayNode org.redex.backend.controller.simulacion.SimulacionController.vuelosResumidos()
2018-12-10 22:02:07.000  INFO 10524 --- [main] s.w.s.m.m.a.RequestMappingHandlerMapping : Mapped "{[/simulacion/paquetes/carga],methods=[POST]}" onto public org.redex.backend.zelper.response.CargaDatosResponse org.redex.backend.controller.simulacion.SimulacionController.cargaPaquetes(org.springframework.web.multipart.MultipartFile)
2018-12-10 22:02:07.000  INFO 10524 --- [main] s.w.s.m.m.a.RequestMappingHandlerMapping : Mapped "{[/simulacion/eliminar],methods=[GET]}" onto public org.springframework.http.ResponseEntity<?> org.redex.backend.controller.simulacion.SimulacionController.borrar()
2018-12-10 22:02:07.000  INFO 10524 --- [main] s.w.s.m.m.a.RequestMappingHandlerMapping : Mapped "{[/simulacion/reporte],methods=[POST]}" onto public org.springframework.http.ResponseEntity<org.springframework.core.io.Resource> org.redex.backend.controller.simulacion.SimulacionController.reporte(org.redex.backend.controller.simulacion.SimulacionReporte)
2018-12-10 22:02:07.000  INFO 10524 --- [main] s.w.s.m.m.a.RequestMappingHandlerMapping : Mapped "{[/simulacion/vuelos/carga],methods=[POST]}" onto public org.redex.backend.zelper.response.CargaDatosResponse org.redex.backend.controller.simulacion.SimulacionController.cargaVuelos(org.springframework.web.multipart.MultipartFile)
2018-12-10 22:02:07.000  INFO 10524 --- [main] s.w.s.m.m.a.RequestMappingHandlerMapping : Mapped "{[/simulacion/window],methods=[POST]}" onto public org.springframework.http.ResponseEntity<?> org.redex.backend.controller.simulacion.SimulacionController.getWindow(org.redex.backend.controller.simulacion.Ventana)
2018-12-10 22:02:07.000  INFO 10524 --- [main] s.w.s.m.m.a.RequestMappingHandlerMapping : Mapped "{[/simulacion/resetear],methods=[GET]}" onto public org.springframework.http.ResponseEntity<?> org.redex.backend.controller.simulacion.SimulacionController.resetear()
2018-12-10 22:02:07.000  INFO 10524 --- [main] s.w.s.m.m.a.RequestMappingHandlerMapping : Mapped "{[/simulacion/estado]}" onto public void org.redex.backend.controller.simulacion.SimulacionController.greeting(java.lang.Long)
2018-12-10 22:02:07.015  INFO 10524 --- [main] s.w.s.m.m.a.RequestMappingHandlerMapping : Mapped "{[/simulacion/oficinas],methods=[GET]}" onto public com.fasterxml.jackson.databind.node.ArrayNode org.redex.backend.controller.simulacion.SimulacionController.oficinas()
2018-12-10 22:02:07.015  INFO 10524 --- [main] s.w.s.m.m.a.RequestMappingHandlerMapping : Mapped "{[/tipodocidentidad],methods=[GET]}" onto public com.fasterxml.jackson.databind.node.ArrayNode org.redex.backend.controller.tipodocidentidad.TipoDocIdentidadController.list()
2018-12-10 22:02:07.015  INFO 10524 --- [main] s.w.s.m.m.a.RequestMappingHandlerMapping : Mapped "{[/usuarios/{id}],methods=[GET]}" onto public com.fasterxml.jackson.databind.node.ObjectNode org.redex.backend.controller.usuarios.UsuariosController.find(java.lang.Long)
2018-12-10 22:02:07.015  INFO 10524 --- [main] s.w.s.m.m.a.RequestMappingHandlerMapping : Mapped "{[/usuarios],methods=[GET]}" onto public org.redex.backend.zelper.crimsontable.CrimsonTableResponse org.redex.backend.controller.usuarios.UsuariosController.list(org.redex.backend.zelper.crimsontable.CrimsonTableRequest)
2018-12-10 22:02:07.015  INFO 10524 --- [main] s.w.s.m.m.a.RequestMappingHandlerMapping : Mapped "{[/usuarios/{id}/activar],methods=[POST]}" onto public org.springframework.http.ResponseEntity<?> org.redex.backend.controller.usuarios.UsuariosController.activar(java.lang.Long)
2018-12-10 22:02:07.015  INFO 10524 --- [main] s.w.s.m.m.a.RequestMappingHandlerMapping : Mapped "{[/usuarios/editar],methods=[POST]}" onto public void org.redex.backend.controller.usuarios.UsuariosController.editar(org.redex.backend.model.seguridad.Usuario)
2018-12-10 22:02:07.015  INFO 10524 --- [main] s.w.s.m.m.a.RequestMappingHandlerMapping : Mapped "{[/usuarios/yo],methods=[GET]}" onto public com.fasterxml.jackson.databind.node.ObjectNode org.redex.backend.controller.usuarios.UsuariosController.yo(org.redex.backend.security.DataSession)
2018-12-10 22:02:07.015  INFO 10524 --- [main] s.w.s.m.m.a.RequestMappingHandlerMapping : Mapped "{[/usuarios/{id}/desactivar],methods=[POST]}" onto public org.springframework.http.ResponseEntity<?> org.redex.backend.controller.usuarios.UsuariosController.desactivar(java.lang.Long)
2018-12-10 22:02:07.015  INFO 10524 --- [main] s.w.s.m.m.a.RequestMappingHandlerMapping : Mapped "{[/usuarios/save],methods=[POST]}" onto public void org.redex.backend.controller.usuarios.UsuariosController.carga(org.redex.backend.controller.usuarios.UsuariosPayload)
2018-12-10 22:02:07.015  INFO 10524 --- [main] s.w.s.m.m.a.RequestMappingHandlerMapping : Mapped "{[/usuarios/carga],methods=[POST]}" onto public org.redex.backend.zelper.response.CargaDatosResponse org.redex.backend.controller.usuarios.UsuariosController.carga(org.springframework.web.multipart.MultipartFile)
2018-12-10 22:02:07.015  INFO 10524 --- [main] s.w.s.m.m.a.RequestMappingHandlerMapping : Mapped "{[/usuarios/actualizarpassword],methods=[POST]}" onto public org.springframework.http.ResponseEntity<?> org.redex.backend.controller.usuarios.UsuariosController.actualizarPassword(org.redex.backend.model.seguridad.Usuario)
2018-12-10 22:02:07.031  INFO 10524 --- [main] s.w.s.m.m.a.RequestMappingHandlerMapping : Mapped "{[/vuelos/{id}],methods=[GET]}" onto public org.springframework.http.ResponseEntity<?> org.redex.backend.controller.vuelos.VuelosController.find(java.lang.Long)
2018-12-10 22:02:07.031  INFO 10524 --- [main] s.w.s.m.m.a.RequestMappingHandlerMapping : Mapped "{[/vuelos/save],methods=[POST]}" onto public org.springframework.http.ResponseEntity<?> org.redex.backend.controller.vuelos.VuelosController.save(org.redex.backend.model.envios.Vuelo)
2018-12-10 22:02:07.031  INFO 10524 --- [main] s.w.s.m.m.a.RequestMappingHandlerMapping : Mapped "{[/vuelosagendados/eliminar],methods=[POST]}" onto public org.springframework.http.ResponseEntity<?> org.redex.backend.controller.vuelosagendados.VuelosAgendadosController.eliminar()
2018-12-10 22:02:07.031  INFO 10524 --- [main] s.w.s.m.m.a.RequestMappingHandlerMapping : Mapped "{[/vuelosagendados/generar],methods=[POST]}" onto public org.springframework.http.ResponseEntity<?> org.redex.backend.controller.vuelosagendados.VuelosAgendadosController.generar(org.redex.backend.controller.vuelosagendados.GenerarPayload)
2018-12-10 22:02:07.031  INFO 10524 --- [main] s.w.s.m.m.a.RequestMappingHandlerMapping : Mapped "{[/vuelosagendados],methods=[GET]}" onto public org.redex.backend.zelper.crimsontable.CrimsonTableResponse org.redex.backend.controller.vuelosagendados.VuelosAgendadosController.crimsonList(org.redex.backend.zelper.crimsontable.CrimsonTableRequest,org.redex.backend.security.DataSession)
2018-12-10 22:02:07.031  INFO 10524 --- [main] s.w.s.m.m.a.RequestMappingHandlerMapping : Mapped "{[/auth/signin],methods=[POST]}" onto public org.springframework.http.ResponseEntity<?> org.redex.backend.security.AuthenticationController.authenticateUser(org.redex.backend.security.LoginRequest)
2018-12-10 22:02:07.031  INFO 10524 --- [main] s.w.s.m.m.a.RequestMappingHandlerMapping : Mapped "{[/error]}" onto public org.springframework.http.ResponseEntity<java.util.Map<java.lang.String, java.lang.Object>> org.springframework.boot.autoconfigure.web.servlet.error.BasicErrorController.error(javax.servlet.http.HttpServletRequest)
2018-12-10 22:02:07.039  INFO 10524 --- [main] s.w.s.m.m.a.RequestMappingHandlerMapping : Mapped "{[/error],produces=[text/html]}" onto public org.springframework.web.servlet.ModelAndView org.springframework.boot.autoconfigure.web.servlet.error.BasicErrorController.errorHtml(javax.servlet.http.HttpServletRequest,javax.servlet.http.HttpServletResponse)
2018-12-10 22:02:07.074  INFO 10524 --- [main] o.s.w.s.handler.SimpleUrlHandlerMapping  : Mapped URL path [/webjars/**] onto handler of type [class org.springframework.web.servlet.resource.ResourceHttpRequestHandler]
2018-12-10 22:02:07.074  INFO 10524 --- [main] o.s.w.s.handler.SimpleUrlHandlerMapping  : Mapped URL path [/**] onto handler of type [class org.springframework.web.servlet.resource.ResourceHttpRequestHandler]
2018-12-10 22:02:07.137  INFO 10524 --- [main] o.s.s.web.DefaultSecurityFilterChain     : Creating filter chain: org.springframework.security.web.util.matcher.AnyRequestMatcher@1, [org.springframework.security.web.context.request.async.WebAsyncManagerIntegrationFilter@60b34931, org.springframework.security.web.context.SecurityContextPersistenceFilter@6cff61fc, org.springframework.security.web.header.HeaderWriterFilter@59072e9d, org.springframework.web.filter.CorsFilter@4aa21f9d, org.springframework.security.web.authentication.logout.LogoutFilter@77b919a3, org.redex.backend.security.jwt.JwtAuthenticationFilter@54fb873e, org.springframework.security.web.savedrequest.RequestCacheAwareFilter@467b684d, org.springframework.security.web.servletapi.SecurityContextHolderAwareRequestFilter@65e21ce3, org.springframework.security.web.authentication.AnonymousAuthenticationFilter@71c17a57, org.springframework.security.web.session.SessionManagementFilter@524a076e, org.springframework.security.web.access.ExceptionTranslationFilter@a451491, org.springframework.security.web.access.intercept.FilterSecurityInterceptor@3f736a16]
2018-12-10 22:02:07.434  INFO 10524 --- [main] s.w.s.m.m.a.RequestMappingHandlerAdapter : Looking for @ControllerAdvice: org.springframework.boot.web.servlet.context.AnnotationConfigServletWebServerApplicationContext@206a70ef: startup date [Tue Dec 11 03:02:02 UTC 2018]; root of context hierarchy
2018-12-10 22:02:07.671  INFO 10524 --- [main] o.s.j.e.a.AnnotationMBeanExporter        : Registering beans for JMX exposure on startup
2018-12-10 22:02:07.671  INFO 10524 --- [main] o.s.j.e.a.AnnotationMBeanExporter        : Bean with name 'dataSource' has been autodetected for JMX exposure
2018-12-10 22:02:07.671  INFO 10524 --- [main] o.s.j.e.a.AnnotationMBeanExporter        : Located MBean 'dataSource': registering with JMX server as MBean [com.zaxxer.hikari:name=dataSource,type=HikariDataSource]
2018-12-10 22:02:07.702  INFO 10524 --- [main] o.s.b.w.embedded.tomcat.TomcatWebServer  : Tomcat started on port(s): 5000 (http) with context path ''
2018-12-10 22:02:07.702  INFO 10524 --- [main] org.redex.backend.BackendApplication     : Started BackendApplication in 5.728 seconds (JVM running for 6.548)
